ESTIMATE of time to complete assignment: 40 hours
      
      Start  Time
Date  Time   Spent  Work completed
----  -----  ----   --------------
11/2  10:00  3:00   Implemented trie
11/2  14:00  1:30   trie bugs
11/3  18:40  1:00   Arg parsing and Makefile
11/3  23:00  1:00   Simplified trie insertion
11/5   6:00  2:00   Stage 1 encode without prune
11/5   8:00  1:30   Fixed -e
11/5   9:30  1:30   Verified nBits properly updates
11/5   6:30  1:00   Fusing Trie with array
11/6   8:30  1:30   Else-case of pruning
11/6  11:00  0:30   First draft pruning
1l/6  12:30  0:30   Fixed bad pruning memory write
11/6  16:30  0:30   Fixed consecutive pruning bug
11/7   9:00  1:00   Added parent pointers to nodes/pref(C)
11/7  12:00  2:00   Outline for decode
             ----
                    TOTAL time spent
